<?xml version="1.0" encoding="UTF-8"?>
<!-- Generated by org.testng.reporters.JUnitReportReporter -->
<testsuite skipped="0" hostname="DESKTOP-2UHMCIV" name="testclasses.TestNG_DataProviders" tests="3" failures="0" timestamp="13 Sep 2017 07:23:25 GMT" time="0.007" errors="0">
  <testcase name="testMethod1" time="0.001" classname="testclasses.TestNG_DataProviders"/>
  <testcase name="testMethod1" time="0.005" classname="testclasses.TestNG_DataProviders"/>
  <testcase name="testMethod1" time="0.001" classname="testclasses.TestNG_DataProviders"/>
</testsuite> <!-- testclasses.TestNG_DataProviders -->
