<?xml version="1.0" encoding="UTF-8"?>
<!-- Generated by org.testng.reporters.JUnitReportReporter -->
<testsuite skipped="0" hostname="DESKTOP-2UHMCIV" name="testclasses.TestNG_Grouping" tests="4" failures="0" timestamp="12 Sep 2017 12:39:24 GMT" time="0.005" errors="0">
  <testcase name="testBMWX6" time="0.000" classname="testclasses.TestNG_Grouping"/>
  <testcase name="testHondaCBR" time="0.001" classname="testclasses.TestNG_Grouping"/>
  <testcase name="testNinja" time="0.001" classname="testclasses.TestNG_Grouping"/>
  <testcase name="testAudiA6" time="0.003" classname="testclasses.TestNG_Grouping"/>
</testsuite> <!-- testclasses.TestNG_Grouping -->
