<?xml version="1.0" encoding="UTF-8"?>
<!-- Generated by org.testng.reporters.JUnitReportReporter -->
<testsuite skipped="1" hostname="DESKTOP-2UHMCIV" name="testclasses.TestNG_EnableTimeout" tests="2" failures="0" timestamp="12 Sep 2017 13:46:47 GMT" time="0.207" errors="0">
  <testcase name="testMethod2" time="0.207" classname="testclasses.TestNG_EnableTimeout"/>
  <testcase name="testMethod1" classname="testclasses.TestNG_EnableTimeout">
    <skipped/>
  </testcase> <!-- testMethod1 -->
</testsuite> <!-- testclasses.TestNG_EnableTimeout -->
