<?xml version="1.0" encoding="UTF-8"?>
<!-- Generated by org.testng.reporters.JUnitReportReporter -->
<testsuite skipped="0" hostname="DESKTOP-2UHMCIV" name="testclasses.TestNG_DependentTests" tests="4" failures="0" timestamp="12 Sep 2017 13:26:03 GMT" time="0.008" errors="0">
  <testcase name="testMethod2" time="0.004" classname="testclasses.TestNG_DependentTests"/>
  <testcase name="testMethod4" time="0.002" classname="testclasses.TestNG_DependentTests"/>
  <testcase name="testMethod1" time="0.000" classname="testclasses.TestNG_DependentTests"/>
  <testcase name="testMethod3" time="0.002" classname="testclasses.TestNG_DependentTests"/>
</testsuite> <!-- testclasses.TestNG_DependentTests -->
