<?xml version="1.0" encoding="UTF-8"?>
<!-- Generated by org.testng.reporters.JUnitReportReporter -->
<testsuite skipped="0" hostname="DESKTOP-2UHMCIV" name="regressionsuite.TestNG_TestClass2" tests="2" failures="0" timestamp="12 Sep 2017 12:08:59 GMT" time="0.005" errors="0">
  <testcase name="testMethod1" time="0.002" classname="regressionsuite.TestNG_TestClass2"/>
  <testcase name="testMethod2" time="0.003" classname="regressionsuite.TestNG_TestClass2"/>
</testsuite> <!-- regressionsuite.TestNG_TestClass2 -->
