<?xml version="1.0" encoding="UTF-8"?>
<!-- Generated by org.testng.reporters.JUnitReportReporter -->
<testsuite skipped="0" hostname="DESKTOP-2UHMCIV" name="testclasses.TestAnnotation" tests="3" failures="0" timestamp="12 Sep 2017 08:59:08 GMT" time="0.009" errors="0">
  <testcase name="testMethod3" time="0.001" classname="testclasses.TestAnnotation"/>
  <testcase name="testMethod1" time="0.007" classname="testclasses.TestAnnotation"/>
  <testcase name="testMethod2" time="0.001" classname="testclasses.TestAnnotation"/>
</testsuite> <!-- testclasses.TestAnnotation -->
