<?xml version="1.0" encoding="UTF-8"?>
<!-- Generated by org.testng.reporters.JUnitReportReporter -->
<testsuite skipped="0" hostname="DESKTOP-2UHMCIV" name="testclasses.TestNG_TestParameters" tests="1" failures="0" timestamp="12 Sep 2017 14:23:58 GMT" time="0.003" errors="0">
  <testcase name="testMethod1" time="0.003" classname="testclasses.TestNG_TestParameters"/>
</testsuite> <!-- testclasses.TestNG_TestParameters -->
