<?xml version="1.0" encoding="UTF-8"?>
<!-- Generated by org.testng.reporters.JUnitReportReporter -->
<testsuite skipped="0" hostname="DESKTOP-2UHMCIV" name="testclasses.TestNG_BeforeClassAnnotations" tests="2" failures="0" timestamp="12 Sep 2017 10:44:46 GMT" time="0.005" errors="0">
  <testcase name="testMethod1" time="0.004" classname="testclasses.TestNG_BeforeClassAnnotations"/>
  <testcase name="testMethod2" time="0.001" classname="testclasses.TestNG_BeforeClassAnnotations"/>
</testsuite> <!-- testclasses.TestNG_BeforeClassAnnotations -->
