<?xml version="1.0" encoding="UTF-8"?>
<!-- Generated by org.testng.reporters.JUnitReportReporter -->
<testsuite skipped="0" hostname="DESKTOP-2UHMCIV" name="testclasses.TestNG_TestClass2" tests="2" failures="0" timestamp="12 Sep 2017 10:58:46 GMT" time="0.002" errors="0">
  <testcase name="testMethod2" time="0.001" classname="testclasses.TestNG_TestClass2"/>
  <testcase name="testMethod1" time="0.001" classname="testclasses.TestNG_TestClass2"/>
</testsuite> <!-- testclasses.TestNG_TestClass2 -->
