<?xml version="1.0" encoding="UTF-8"?>
<!-- Generated by org.testng.reporters.JUnitReportReporter -->
<testsuite skipped="0" hostname="DESKTOP-2UHMCIV" name="testclasses.TestNG_Preserve2" tests="2" failures="0" timestamp="12 Sep 2017 14:03:26 GMT" time="0.008" errors="0">
  <testcase name="testMethod2" time="0.001" classname="testclasses.TestNG_Preserve2"/>
  <testcase name="testMethod1" time="0.007" classname="testclasses.TestNG_Preserve2"/>
</testsuite> <!-- testclasses.TestNG_Preserve2 -->
